{"contracts/burgerNFT.sol":{"l":{"13":1,"14":1},"path":"/Users/jakeshearer/Desktop/HORCHATA/Projects/burgerchild/contracts/burgerNFT.sol","s":{"1":1},"b":{},"f":{"1":3,"2":1},"fnMap":{"1":{"name":"constructor","line":10,"loc":{"start":{"line":10,"column":4},"end":{"line":10,"column":48}}},"2":{"name":"safeMint","line":12,"loc":{"start":{"line":12,"column":4},"end":{"line":15,"column":4}}}},"statementMap":{"1":{"start":{"line":13,"column":8},"end":{"line":13,"column":37}}},"branchMap":{}},"contracts/BurgerToken.sol":{"l":{"23":0},"path":"/Users/jakeshearer/Desktop/HORCHATA/Projects/burgerchild/contracts/BurgerToken.sol","s":{"1":0},"b":{},"f":{"1":0},"fnMap":{"1":{"name":"constructor","line":22,"loc":{"start":{"line":18,"column":4},"end":{"line":24,"column":4}}}},"statementMap":{"1":{"start":{"line":23,"column":8},"end":{"line":23,"column":39}}},"branchMap":{}}}