{"contracts/burgerNFT.sol":{"l":{"20":0,"22":0,"23":0,"24":0,"26":0},"path":"/Users/jakeshearer/Desktop/HORCHATA/Projects/burgerchild/contracts/burgerNFT.sol","s":{"1":0,"2":0,"3":0,"4":0,"5":0},"b":{},"f":{"1":0,"2":0},"fnMap":{"1":{"name":"constructor","line":14,"loc":{"start":{"line":14,"column":4},"end":{"line":14,"column":40}}},"2":{"name":"mintNFT","line":16,"loc":{"start":{"line":16,"column":4},"end":{"line":27,"column":4}}}},"statementMap":{"1":{"start":{"line":20,"column":8},"end":{"line":20,"column":28}},"2":{"start":{"line":22,"column":8},"end":{"line":22,"column":47}},"3":{"start":{"line":23,"column":8},"end":{"line":23,"column":38}},"4":{"start":{"line":24,"column":8},"end":{"line":24,"column":40}},"5":{"start":{"line":26,"column":8},"end":{"line":26,"column":24}}},"branchMap":{}},"contracts/BurgerToken.sol":{"l":{"23":0},"path":"/Users/jakeshearer/Desktop/HORCHATA/Projects/burgerchild/contracts/BurgerToken.sol","s":{"1":0},"b":{},"f":{"1":0},"fnMap":{"1":{"name":"constructor","line":22,"loc":{"start":{"line":18,"column":4},"end":{"line":24,"column":4}}}},"statementMap":{"1":{"start":{"line":23,"column":8},"end":{"line":23,"column":39}}},"branchMap":{}}}